  BaseObject.cpp
  COMMON_FUNCTION_H.cpp
C:\Users\Admin\source\repos\Sky-Battles\Sky Battles\COMMON_FUNCTION_H.cpp(25,42): warning C4244: '=': conversion from 'double' to 'Sint16', possible loss of data
C:\Users\Admin\source\repos\Sky-Battles\Sky Battles\COMMON_FUNCTION_H.cpp(26,36): warning C4244: '=': conversion from 'double' to 'Sint16', possible loss of data
C:\Users\Admin\source\repos\Sky-Battles\Sky Battles\COMMON_FUNCTION_H.cpp(28,42): warning C4244: '=': conversion from 'double' to 'Sint16', possible loss of data
C:\Users\Admin\source\repos\Sky-Battles\Sky Battles\COMMON_FUNCTION_H.cpp(29,42): warning C4244: '=': conversion from 'double' to 'Sint16', possible loss of data
  ExplosionObject.cpp
  main.cpp
C:\Users\Admin\source\repos\Sky-Battles\Sky Battles\main.cpp(134,28): warning C4244: '=': conversion from 'double' to 'int', possible loss of data
C:\Users\Admin\source\repos\Sky-Battles\Sky Battles\main.cpp(207,22): warning C4244: 'initializing': conversion from 'double' to 'int', possible loss of data
C:\Users\Admin\source\repos\Sky-Battles\Sky Battles\main.cpp(208,22): warning C4244: 'initializing': conversion from 'double' to 'int', possible loss of data
C:\Users\Admin\source\repos\Sky-Battles\Sky Battles\main.cpp(237,25): warning C4018: '<': signed/unsigned mismatch
C:\Users\Admin\source\repos\Sky-Battles\Sky Battles\main.cpp(248,24): warning C4244: 'initializing': conversion from 'double' to 'int', possible loss of data
C:\Users\Admin\source\repos\Sky-Battles\Sky Battles\main.cpp(249,24): warning C4244: 'initializing': conversion from 'double' to 'int', possible loss of data
C:\Users\Admin\source\repos\Sky-Battles\Sky Battles\main.cpp(281,25): warning C4018: '<': signed/unsigned mismatch
C:\Users\Admin\source\repos\Sky-Battles\Sky Battles\main.cpp(293,24): warning C4244: 'initializing': conversion from 'double' to 'int', possible loss of data
C:\Users\Admin\source\repos\Sky-Battles\Sky Battles\main.cpp(294,24): warning C4244: 'initializing': conversion from 'double' to 'int', possible loss of data
  ThreatsObject.cpp
C:\Users\Admin\source\repos\Sky-Battles\Sky Battles\ThreatsObject.cpp(9,26): warning C4244: '=': conversion from 'double' to 'Sint16', possible loss of data
C:\Users\Admin\source\repos\Sky-Battles\Sky Battles\ThreatsObject.cpp(21,21): warning C4018: '<': signed/unsigned mismatch
C:\Users\Admin\source\repos\Sky-Battles\Sky Battles\ThreatsObject.cpp(48,27): warning C4244: '=': conversion from 'double' to 'int', possible loss of data
C:\Users\Admin\source\repos\Sky-Battles\Sky Battles\ThreatsObject.cpp(74,20): warning C4018: '<': signed/unsigned mismatch
C:\Users\Admin\source\repos\Sky-Battles\Sky Battles\ThreatsObject.cpp(101,26): warning C4244: '=': conversion from 'double' to 'int', possible loss of data
C:\Users\Admin\source\repos\Sky-Battles\Sky Battles\ThreatsObject.cpp(105,20): warning C4018: '<': signed/unsigned mismatch
  MainObject.cpp
C:\Users\Admin\source\repos\Sky-Battles\Sky Battles\MainObject.cpp(101,20): warning C4018: '<': signed/unsigned mismatch
C:\Users\Admin\source\repos\Sky-Battles\Sky Battles\MainObject.cpp(150,20): warning C4018: '<': signed/unsigned mismatch
C:\Users\Admin\source\repos\Sky-Battles\Sky Battles\MainObject.cpp(152,11): warning C4018: '<': signed/unsigned mismatch
  BulletObject.cpp
  TextObject.cpp
  Generating Code...
  LINK : C:\Users\Admin\source\repos\Sky-Battles\Debug\Sky Battles.exe not found or not built by the last incremental link; performing full link
  Sky Battles.vcxproj -> C:\Users\Admin\source\repos\Sky-Battles\Debug\Sky Battles.exe
